
> payments-app@0.1.0 dev
> next dev -p 4055

▲ Next.js 16.2.2 (Turbopack)
- Local:         http://localhost:4055
- Network:       http://192.168.254.103:4055
- Environments: .env.local
✓ Ready in 1020ms
⚠ Warning: Next.js inferred your workspace root, but it may not be correct.
 We detected multiple lockfiles and selected the directory of /home/ben/package-lock.json as the root directory.
 To silence this warning, set `turbopack.root` in your Next.js config, or consider removing one of the lockfiles if it's not needed.
   See https://nextjs.org/docs/app/api-reference/config/next-config-js/turbopack#root-directory for more information.
 Detected additional lockfiles: 
   * /home/ben/Documents/01_Truckgear_Projects/truckgear-client-dashboard file/payments-app/package-lock.json
   * /home/ben/Documents/package-lock.json


 GET / 200 in 2.9s (next.js: 1318ms, application-code: 1631ms)
 GET /inventory 200 in 716ms (next.js: 242ms, application-code: 473ms)
[browser] Error restoring session i: Failed to connect to MetaMask
    at Object.connect (chrome-extension://nkbihfbeogaeaoehlefnkodbefgpgknn/scripts/inpage.js:1:63525) (chrome-extension://nkbihfbeogaeaoehlefnkodbefgpgknn/scripts/inpage.js:1:201799)
[browser] ⨯ unhandledRejection: i: Failed to connect to MetaMask
    at Object.connect (chrome-extension://nkbihfbeogaeaoehlefnkodbefgpgknn/scripts/inpage.js:1:63525)
 GET / 200 in 684ms (next.js: 34ms, application-code: 650ms)
 GET / 200 in 747ms (next.js: 34ms, application-code: 713ms)
 GET /payment 200 in 1089ms (next.js: 348ms, application-code: 741ms)
 GET / 200 in 531ms (next.js: 45ms, application-code: 486ms)
 GET /inventory 200 in 94ms (next.js: 11ms, application-code: 83ms)
 GET / 200 in 278ms (next.js: 11ms, application-code: 267ms)
 GET /accounting 200 in 680ms (next.js: 305ms, application-code: 375ms)
 GET / 200 in 122ms (next.js: 16ms, application-code: 106ms)
 GET /payment 200 in 132ms (next.js: 17ms, application-code: 115ms)
 GET / 200 in 72ms (next.js: 7ms, application-code: 65ms)
 GET /inventory 200 in 145ms (next.js: 13ms, application-code: 132ms)
 GET / 200 in 190ms (next.js: 12ms, application-code: 178ms)
 GET /accounting 200 in 79ms (next.js: 6ms, application-code: 74ms)
 GET / 200 in 41ms (next.js: 4ms, application-code: 37ms)
✓ Compiled in 1990ms
✓ Compiled in 173ms
 GET / 200 in 111ms (next.js: 11ms, application-code: 100ms)
 GET /accounting 200 in 83ms (next.js: 10ms, application-code: 74ms)
 GET / 200 in 21ms (next.js: 2ms, application-code: 19ms)
 GET /inventory 200 in 65ms (next.js: 10ms, application-code: 55ms)
 GET / 200 in 79ms (next.js: 2ms, application-code: 77ms)
 GET /payment 200 in 142ms (next.js: 17ms, application-code: 126ms)
 GET / 200 in 42ms (next.js: 3ms, application-code: 39ms)
 GET /inventory 200 in 42ms (next.js: 4ms, application-code: 38ms)
 GET / 200 in 71ms (next.js: 4ms, application-code: 67ms)
 GET /inventory 200 in 52ms (next.js: 5ms, application-code: 46ms)
 GET / 200 in 101ms (next.js: 3ms, application-code: 98ms)
 GET / 200 in 940ms (next.js: 307ms, application-code: 633ms)
✓ Compiled in 8.5s
 GET / 200 in 2.3s (next.js: 548ms, application-code: 1755ms)
 GET / 200 in 1391ms (next.js: 565ms, application-code: 826ms)
 GET / 200 in 1100ms (next.js: 54ms, application-code: 1046ms)
 GET / 200 in 952ms (next.js: 53ms, application-code: 898ms)
 GET / 200 in 768ms (next.js: 14ms, application-code: 754ms)
 GET / 200 in 463ms (next.js: 11ms, application-code: 452ms)
 GET / 200 in 333ms (next.js: 11ms, application-code: 322ms)
 GET / 200 in 205ms (next.js: 15ms, application-code: 190ms)
✓ Compiled in 529ms
✓ Compiled in 1251ms
 GET / 200 in 1754ms (next.js: 850ms, application-code: 904ms)
 GET / 200 in 516ms (next.js: 21ms, application-code: 495ms)
 GET / 200 in 524ms (next.js: 10ms, application-code: 513ms)
 GET / 200 in 495ms (next.js: 19ms, application-code: 475ms)
 GET / 200 in 466ms (next.js: 10ms, application-code: 456ms)
 GET / 200 in 472ms (next.js: 19ms, application-code: 453ms)
 GET / 200 in 460ms (next.js: 13ms, application-code: 447ms)
 GET / 200 in 486ms (next.js: 12ms, application-code: 473ms)
 GET / 200 in 473ms (next.js: 13ms, application-code: 461ms)
 GET / 200 in 478ms (next.js: 13ms, application-code: 465ms)
 GET / 200 in 510ms (next.js: 14ms, application-code: 496ms)
 GET / 200 in 558ms (next.js: 12ms, application-code: 546ms)
 GET / 200 in 558ms (next.js: 12ms, application-code: 546ms)
 GET / 200 in 657ms (next.js: 45ms, application-code: 612ms)
 GET / 200 in 448ms (next.js: 11ms, application-code: 436ms)
 GET / 200 in 288ms (next.js: 16ms, application-code: 272ms)
✓ Compiled in 813ms
 GET / 200 in 1735ms (next.js: 971ms, application-code: 764ms)
 GET / 200 in 436ms (next.js: 12ms, application-code: 423ms)
 GET / 200 in 458ms (next.js: 12ms, application-code: 445ms)
 GET / 200 in 430ms (next.js: 10ms, application-code: 420ms)
 GET / 200 in 421ms (next.js: 10ms, application-code: 411ms)
 GET / 200 in 393ms (next.js: 13ms, application-code: 381ms)
 GET / 200 in 426ms (next.js: 9ms, application-code: 417ms)
 GET / 200 in 465ms (next.js: 9ms, application-code: 455ms)
 GET / 200 in 496ms (next.js: 10ms, application-code: 486ms)
 GET / 200 in 461ms (next.js: 13ms, application-code: 448ms)
 GET / 200 in 479ms (next.js: 15ms, application-code: 464ms)
 GET / 200 in 447ms (next.js: 10ms, application-code: 437ms)
 GET / 200 in 325ms (next.js: 10ms, application-code: 315ms)
 GET / 200 in 290ms (next.js: 13ms, application-code: 277ms)
 GET / 200 in 429ms (next.js: 12ms, application-code: 417ms)
 GET / 200 in 438ms (next.js: 9ms, application-code: 429ms)
 GET / 200 in 292ms (next.js: 11ms, application-code: 281ms)
 GET / 200 in 177ms (next.js: 12ms, application-code: 165ms)
 GET / 200 in 778ms (next.js: 20ms, application-code: 759ms)
 GET /inventory 200 in 1325ms (next.js: 562ms, application-code: 763ms)
✓ Compiled in 867ms
 GET /inventory 200 in 1663ms (next.js: 1040ms, application-code: 623ms)
 GET /inventory 200 in 572ms (next.js: 10ms, application-code: 562ms)
 GET /inventory 200 in 559ms (next.js: 18ms, application-code: 540ms)
 GET /inventory 200 in 486ms (next.js: 13ms, application-code: 474ms)
 GET /inventory 200 in 569ms (next.js: 12ms, application-code: 557ms)
 GET /inventory 200 in 659ms (next.js: 12ms, application-code: 647ms)
 GET /inventory 200 in 766ms (next.js: 15ms, application-code: 751ms)
 GET /inventory 200 in 767ms (next.js: 30ms, application-code: 737ms)
 GET /inventory 200 in 797ms (next.js: 25ms, application-code: 772ms)
 GET /inventory 200 in 731ms (next.js: 24ms, application-code: 706ms)
 GET /inventory 200 in 678ms (next.js: 17ms, application-code: 661ms)
 GET /inventory 200 in 594ms (next.js: 26ms, application-code: 569ms)
 GET /inventory 200 in 537ms (next.js: 16ms, application-code: 521ms)
 GET /inventory 200 in 510ms (next.js: 16ms, application-code: 494ms)
 GET /inventory 200 in 606ms (next.js: 12ms, application-code: 594ms)
 GET /inventory 200 in 633ms (next.js: 15ms, application-code: 618ms)
 GET /inventory 200 in 623ms (next.js: 10ms, application-code: 613ms)
 GET /inventory 200 in 492ms (next.js: 14ms, application-code: 477ms)
 GET /inventory 200 in 335ms (next.js: 15ms, application-code: 320ms)
 GET /inventory 200 in 469ms (next.js: 12ms, application-code: 458ms)
 GET /inventory 200 in 314ms (next.js: 14ms, application-code: 299ms)
 GET /inventory 200 in 167ms (next.js: 14ms, application-code: 154ms)
○ Compiling /inventory/parts ...
 GET /inventory/parts 200 in 4.8s (next.js: 4.6s, application-code: 248ms)
 GET / 200 in 487ms (next.js: 212ms, application-code: 275ms)
 GET /inventory/fleet 200 in 6.2s (next.js: 5.7s, application-code: 437ms)
 GET /inventory/maintenance 200 in 7.5s (next.js: 7.3s, application-code: 205ms)
 GET /inventory/reliability 200 in 8.6s (next.js: 8.4s, application-code: 225ms)
 GET /inventory 200 in 161ms (next.js: 15ms, application-code: 146ms)
 GET /inventory/parts 200 in 127ms (next.js: 9ms, application-code: 119ms)
 GET /inventory/fleet 200 in 95ms (next.js: 7ms, application-code: 88ms)
 GET /inventory/maintenance 200 in 72ms (next.js: 4ms, application-code: 67ms)
 GET /inventory/reliability 200 in 167ms (next.js: 15ms, application-code: 152ms)
 GET /inventory/maintenance 200 in 124ms (next.js: 8ms, application-code: 116ms)
 GET /inventory/fleet 200 in 64ms (next.js: 6ms, application-code: 58ms)
 GET /inventory/maintenance 200 in 46ms (next.js: 6ms, application-code: 40ms)
 GET /inventory/reliability 200 in 158ms (next.js: 13ms, application-code: 145ms)
 GET /inventory/rfq?partNumber=TG-BRAKE-202&description=Full%20Performance%20Brake%20Pads&qty=1 200 in 1367ms (next.js: 221ms, application-code: 1146ms)
 GET /inventory 200 in 142ms (next.js: 4ms, application-code: 138ms)
 GET /inventory/parts 200 in 57ms (next.js: 7ms, application-code: 51ms)
 GET /inventory/rfq?partNumber=TG-BRAKE-202&description=Full%20Performance%20Brake%20Pads 200 in 252ms (next.js: 7ms, application-code: 246ms)
 GET /inventory 200 in 177ms (next.js: 7ms, application-code: 170ms)
 GET /inventory/parts 200 in 205ms (next.js: 9ms, application-code: 196ms)
 GET /inventory/rfq 200 in 104ms (next.js: 3ms, application-code: 101ms)
 GET /inventory 200 in 111ms (next.js: 3ms, application-code: 108ms)
 GET /inventory/parts 200 in 95ms (next.js: 8ms, application-code: 87ms)
 GET /inventory/fleet 200 in 98ms (next.js: 9ms, application-code: 89ms)
 GET /inventory/maintenance 200 in 62ms (next.js: 7ms, application-code: 55ms)
 GET /inventory/reliability 200 in 62ms (next.js: 5ms, application-code: 57ms)
 GET /inventory 200 in 100ms (next.js: 8ms, application-code: 92ms)
 GET /inventory/parts 200 in 61ms (next.js: 4ms, application-code: 56ms)
 GET /inventory/fleet 200 in 57ms (next.js: 5ms, application-code: 53ms)
 GET /inventory/reliability 200 in 74ms (next.js: 5ms, application-code: 69ms)
 GET /inventory/rfq?partNumber=TG-BRAKE-202&description=Full%20Performance%20Brake%20Pads&qty=1 200 in 277ms (next.js: 11ms, application-code: 265ms)
 GET /inventory 200 in 151ms (next.js: 5ms, application-code: 146ms)
 GET /inventory/parts 200 in 73ms (next.js: 16ms, application-code: 57ms)
 GET / 200 in 41ms (next.js: 5ms, application-code: 36ms)
 GET /accounting 200 in 153ms (next.js: 53ms, application-code: 100ms)
 GET / 200 in 51ms (next.js: 3ms, application-code: 48ms)
 GET /inventory 200 in 81ms (next.js: 7ms, application-code: 73ms)
 GET /inventory/parts 200 in 90ms (next.js: 8ms, application-code: 82ms)
✓ Compiled in 141ms
 GET /inventory/parts 200 in 123ms (next.js: 11ms, application-code: 112ms)
 GET /inventory/parts 200 in 194ms (next.js: 6ms, application-code: 188ms)
✓ Compiled in 72ms
 GET /inventory/parts 200 in 239ms (next.js: 17ms, application-code: 222ms)
✓ Compiled in 101ms
 GET /inventory/rfq?partNumber=TG-BRAKE-202&description=Full%20Performance%20Brake%20Pads 200 in 317ms (next.js: 18ms, application-code: 300ms)
 GET /inventory 200 in 106ms (next.js: 3ms, application-code: 103ms)
 GET /inventory/parts 200 in 81ms (next.js: 11ms, application-code: 70ms)
 GET /inventory/maintenance 200 in 27ms (next.js: 3ms, application-code: 23ms)
 GET /inventory 200 in 46ms (next.js: 5ms, application-code: 41ms)
 GET /inventory/parts 200 in 91ms (next.js: 9ms, application-code: 82ms)
 GET /inventory/parts 200 in 124ms (next.js: 3ms, application-code: 121ms)
 GET /inventory/fleet 200 in 56ms (next.js: 5ms, application-code: 51ms)
 GET /inventory/maintenance 200 in 30ms (next.js: 3ms, application-code: 27ms)
✓ Compiled in 183ms
✓ Compiled in 1ms
 GET /inventory/maintenance 200 in 1907ms (next.js: 978ms, application-code: 929ms)
 GET /inventory/maintenance 200 in 507ms (next.js: 12ms, application-code: 495ms)
 GET /inventory/maintenance 200 in 514ms (next.js: 11ms, application-code: 503ms)
 GET /inventory/maintenance 200 in 581ms (next.js: 25ms, application-code: 556ms)
 GET /inventory/maintenance 200 in 666ms (next.js: 15ms, application-code: 651ms)
 GET /inventory/maintenance 200 in 1187ms (next.js: 9ms, application-code: 1178ms)
 GET /inventory/maintenance 200 in 1201ms (next.js: 18ms, application-code: 1183ms)
 GET /inventory/maintenance 200 in 1000ms (next.js: 28ms, application-code: 972ms)
 GET /inventory/maintenance 200 in 923ms (next.js: 26ms, application-code: 897ms)
 GET /inventory/maintenance 200 in 961ms (next.js: 11ms, application-code: 949ms)
 GET /inventory/maintenance 200 in 1176ms (next.js: 32ms, application-code: 1144ms)
 GET /inventory/maintenance 200 in 788ms (next.js: 46ms, application-code: 742ms)
 GET /inventory/maintenance 200 in 914ms (next.js: 19ms, application-code: 895ms)
 GET /inventory/maintenance 200 in 1155ms (next.js: 9ms, application-code: 1146ms)
 GET /inventory/maintenance 200 in 1025ms (next.js: 31ms, application-code: 994ms)
 GET /inventory/maintenance 200 in 647ms (next.js: 24ms, application-code: 623ms)
 GET /inventory/maintenance 200 in 581ms (next.js: 13ms, application-code: 568ms)
 GET /inventory/maintenance 200 in 599ms (next.js: 13ms, application-code: 586ms)
 GET /inventory/maintenance 200 in 720ms (next.js: 18ms, application-code: 702ms)
 GET /inventory/maintenance 200 in 515ms (next.js: 16ms, application-code: 499ms)
 GET /inventory/maintenance 200 in 525ms (next.js: 12ms, application-code: 513ms)
 GET /inventory/maintenance 200 in 642ms (next.js: 11ms, application-code: 631ms)
 GET /inventory/maintenance 200 in 527ms (next.js: 25ms, application-code: 502ms)
 GET /inventory/maintenance 200 in 353ms (next.js: 33ms, application-code: 320ms)
 GET /inventory/fleet 200 in 377ms (next.js: 236ms, application-code: 141ms)
 GET /inventory/maintenance 200 in 83ms (next.js: 5ms, application-code: 78ms)
○ Compiling /inventory/directory ...
 GET /inventory/directory 200 in 4.4s (next.js: 4.1s, application-code: 301ms)
 GET /inventory/directory 200 in 151ms (next.js: 11ms, application-code: 140ms)
 GET /inventory/maintenance 200 in 1235ms (next.js: 15ms, application-code: 1220ms)
 GET /inventory/directory 200 in 85ms (next.js: 12ms, application-code: 73ms)
 GET /inventory/reliability 200 in 91ms (next.js: 27ms, application-code: 64ms)
 GET /inventory/maintenance 200 in 83ms (next.js: 7ms, application-code: 76ms)
 GET /inventory/maintenance 200 in 323ms (next.js: 19ms, application-code: 305ms)
 GET /inventory 200 in 231ms (next.js: 83ms, application-code: 148ms)
 GET /inventory/parts 200 in 373ms (next.js: 125ms, application-code: 249ms)
 GET /inventory/fleet 200 in 67ms (next.js: 6ms, application-code: 61ms)
